<?xml version="1.0" encoding="UTF-8"?>
<!-- Generated by org.testng.reporters.JUnitReportReporter -->
<testsuite hostname="KuttyHP" failures="0" tests="1" name="testNG.Newtest" time="0.017" errors="0" timestamp="2024-01-21T11:39:40 EST" skipped="0">
  <testcase classname="testNG.Newtest" name="f" time="0.017"/>
  <system-out/>
</testsuite> <!-- testNG.Newtest -->
